0.0 s: creating Drone 7
15.4 s: creating Drone 8
17.0 s: Drone 7 created
30.8 s: creating Drone 9
32.4 s: Drone 8 created
38.5 s: creating Drone 10
47.8 s: Drone 9 created
53.9 s: creating Overlord 2
55.5 s: Drone 10 created
69.3 s: creating Extractor 1
69.3 s: creating Drone 10
69.3 s: Extractor cancelled
78.9 s: Overlord 2 created
78.9 s: creating Drone 12
84.7 s: creating Extractor 1
84.7 s: creating Drone 12
86.3 s: Drone 10 created
92.4 s: creating Drone 13
95.9 s: Drone 11 created
101.7 s: Drone 12 created
109.4 s: Drone 13 created
114.7 s: Extractor 1 created
123.2 s: creating Spawning_Pool 1
130.9 s: creating Drone 13
138.6 s: creating Drone 14
146.3 s: creating Drone 15
147.9 s: Drone 13 created
154.0 s: creating Drone 16
155.6 s: Drone 14 created
163.3 s: Drone 15 created
171.0 s: Drone 16 created
188.2 s: Spawning_Pool 1 created
192.5 s: creating Hatchery 2
207.9 s: creating Queen 1
215.6 s: creating Spine_Crawler 1
223.3 s: creating Drone 15
231.0 s: creating Drone 16
240.3 s: Drone 15 created
246.4 s: creating Overlord 3
248.0 s: Drone 16 created
257.9 s: Queen 1 created
257.9: Hatchery injected
265.6 s: Spine_Crawler 1 created
271.4 s: Overlord 3 created
271.4 s: creating Queen 2
277.2 s: creating Lair 1
284.9 s: creating Drone 16
286.3 s: creating Drone 17
292.5 s: Hatchery 2 created
292.6 s: creating Drone 18
297.9: Hatchery Spawned
0.0 s: creating Drone 7
15.4 s: creating Drone 8
17.0 s: Drone 7 created
30.8 s: creating Drone 9
32.4 s: Drone 8 created
38.5 s: creating Drone 10
47.8 s: Drone 9 created
53.9 s: creating Overlord 2
55.5 s: Drone 10 created
69.3 s: creating Extractor 1
69.3 s: creating Drone 10
69.3 s: Extractor cancelled
78.9 s: Overlord 2 created
78.9 s: creating Drone 12
84.7 s: creating Drone 13
86.3 s: Drone 11 created
90.8 s: creating Extractor 1
92.4 s: creating Drone 13
95.9 s: Drone 11 created
101.7 s: Drone 12 created
109.4 s: Drone 13 created
115.5 s: creating Spawning_Pool 1
120.8 s: Extractor 1 created
130.9 s: creating Drone 13
138.6 s: creating Drone 14
146.3 s: creating Drone 15
147.9 s: Drone 13 created
154.0 s: creating Drone 16
155.6 s: Drone 14 created
163.3 s: Drone 15 created
171.0 s: Drone 16 created
180.5 s: Spawning_Pool 1 created
192.5 s: creating Hatchery 2
200.2 s: creating Queen 1
215.6 s: creating Spine_Crawler 1
223.3 s: creating Drone 15
231.0 s: creating Drone 16
240.3 s: Drone 15 created
246.4 s: creating Overlord 3
248.0 s: Drone 16 created
250.2 s: Queen 1 created
250.2: Hatchery injected
265.6 s: Spine_Crawler 1 created
271.4 s: Overlord 3 created
271.4 s: creating Queen 2
277.2 s: creating Lair 1
279.2 s: creating Drone 16
284.9 s: creating Drone 17
290.2: Hatchery Spawned
292.5 s: Hatchery 2 created
292.6 s: creating Drone 18
295.2: Hatchery injected
296.2 s: Drone 16 created
0.0 s: creating Drone 7
15.4 s: creating Drone 8
17.0 s: Drone 7 created
30.8 s: creating Drone 9
32.4 s: Drone 8 created
38.5 s: creating Drone 10
47.8 s: Drone 9 created
53.9 s: creating Overlord 2
55.5 s: Drone 10 created
69.3 s: creating Extractor 1
69.3 s: creating Drone 10
69.3 s: Extractor cancelled
78.9 s: Overlord 2 created
78.9 s: creating Drone 12
84.7 s: creating Drone 13
86.3 s: Drone 11 created
92.4 s: creating Drone 14
95.9 s: Drone 12 created
100.1 s: creating Extractor 1
101.7 s: Drone 12 created
109.4 s: Drone 13 created
115.5 s: creating Spawning_Pool 1
123.2 s: creating Drone 13
130.1 s: Extractor 1 created
130.9 s: creating Drone 14
138.6 s: creating Drone 15
140.2 s: Drone 13 created
147.9 s: Drone 14 created
150.8 s: creating Drone 16
155.6 s: Drone 15 created
167.8 s: Drone 16 created
180.5 s: Spawning_Pool 1 created
184.8 s: creating Hatchery 2
200.2 s: creating Queen 1
207.9 s: creating Spine_Crawler 1
215.6 s: creating Drone 15
223.3 s: creating Drone 16
232.6 s: Drone 15 created
238.7 s: creating Overlord 3
240.3 s: Drone 16 created
250.2 s: Queen 1 created
250.2: Hatchery injected
257.9 s: Spine_Crawler 1 created
263.7 s: Overlord 3 created
263.7 s: creating Queen 2
269.5 s: creating Lair 1
277.2 s: creating Drone 16
284.8 s: Hatchery 2 created
284.9 s: creating Drone 17
288.5 s: creating Drone 18
290.2: Hatchery Spawned
292.6 s: creating Drone 19
294.2 s: Drone 16 created
295.2: Hatchery injected
0.0 s: creating Drone 7
15.4 s: creating Drone 8
17.0 s: Drone 7 created
30.8 s: creating Drone 9
32.4 s: Drone 8 created
38.5 s: creating Drone 10
47.8 s: Drone 9 created
53.9 s: creating Overlord 2
55.5 s: Drone 10 created
69.3 s: creating Extractor 1
69.3 s: creating Drone 10
69.3 s: Extractor cancelled
78.9 s: Overlord 2 created
78.9 s: creating Drone 12
84.7 s: creating Drone 13
86.3 s: Drone 11 created
92.4 s: creating Drone 14
95.9 s: Drone 12 created
101.7 s: Drone 13 created
109.4 s: Drone 14 created
115.5 s: creating Extractor 1
115.5 s: creating Spawning_Pool 1
123.2 s: creating Drone 13
130.9 s: creating Drone 14
138.6 s: creating Drone 15
140.2 s: Drone 13 created
145.5 s: Extractor 1 created
147.9 s: Drone 14 created
150.8 s: creating Drone 16
155.6 s: Drone 15 created
167.8 s: Drone 16 created
180.5 s: Spawning_Pool 1 created
184.8 s: creating Hatchery 2
192.5 s: creating Queen 1
207.9 s: creating Spine_Crawler 1
215.6 s: creating Drone 15
223.3 s: creating Drone 16
231.0 s: creating Overlord 3
232.6 s: Drone 15 created
240.3 s: Drone 16 created
242.5 s: Queen 1 created
242.5: Hatchery injected
256.0 s: Overlord 3 created
256.0 s: creating Queen 2
257.9 s: Spine_Crawler 1 created
261.8 s: creating Lair 1
269.5 s: creating Drone 16
277.2 s: creating Drone 17
282.5: Hatchery Spawned
284.8 s: Hatchery 2 created
284.9 s: creating Drone 18
286.5 s: Drone 16 created
287.5: Hatchery injected
292.6 s: creating Drone 19
294.2 s: Drone 17 created
294.2 s: creating Drone 20
0.0 s: creating Drone 7
15.4 s: creating Drone 8
17.0 s: Drone 7 created
30.8 s: creating Drone 9
32.4 s: Drone 8 created
38.5 s: creating Drone 10
47.8 s: Drone 9 created
53.9 s: creating Overlord 2
55.5 s: Drone 10 created
69.3 s: creating Extractor 1
69.3 s: creating Drone 10
69.3 s: Extractor cancelled
78.9 s: Overlord 2 created
78.9 s: creating Drone 12
84.7 s: creating Drone 13
86.3 s: Drone 11 created
92.4 s: creating Drone 14
95.9 s: Drone 12 created
101.7 s: Drone 13 created
109.4 s: Drone 14 created
115.5 s: creating Spawning_Pool 1
120.8 s: creating Extractor 1
123.2 s: creating Drone 13
130.9 s: creating Drone 14
138.6 s: creating Drone 15
140.2 s: Drone 13 created
147.9 s: Drone 14 created
150.8 s: Extractor 1 created
150.8 s: creating Drone 16
155.6 s: Drone 15 created
167.8 s: Drone 16 created
177.1 s: creating Hatchery 2
180.5 s: Spawning_Pool 1 created
192.5 s: creating Queen 1
207.9 s: creating Spine_Crawler 1
210.2 s: creating Drone 15
215.6 s: creating Drone 16
227.2 s: Drone 15 created
231.0 s: creating Overlord 3
232.6 s: Drone 16 created
242.5 s: Queen 1 created
242.5: Hatchery injected
256.0 s: Overlord 3 created
256.0 s: creating Queen 2
257.9 s: Spine_Crawler 1 created
261.8 s: creating Lair 1
269.5 s: creating Drone 16
277.1 s: Hatchery 2 created
277.2 s: creating Drone 17
282.5: Hatchery Spawned
282.5 s: creating Drone 18
284.9 s: creating Drone 19
286.5 s: Drone 16 created
287.5: Hatchery injected
292.6 s: creating Drone 20
294.2 s: Drone 17 created
299.5 s: Drone 18 created
0.0 s: creating Drone 7
15.4 s: creating Drone 8
17.0 s: Drone 7 created
30.8 s: creating Drone 9
32.4 s: Drone 8 created
38.5 s: creating Drone 10
47.8 s: Drone 9 created
53.9 s: creating Overlord 2
55.5 s: Drone 10 created
69.3 s: creating Extractor 1
69.3 s: creating Drone 10
69.3 s: Extractor cancelled
78.9 s: Overlord 2 created
78.9 s: creating Drone 12
84.7 s: creating Drone 13
86.3 s: Drone 11 created
92.4 s: creating Drone 14
95.9 s: Drone 12 created
101.7 s: Drone 13 created
109.4 s: Drone 14 created
115.5 s: creating Spawning_Pool 1
123.2 s: creating Drone 14
123.2 s: creating Drone 15
130.9 s: creating Extractor 1
135.8 s: creating Drone 15
140.2 s: Drone 13 created
140.2 s: Drone 14 created
150.8 s: creating Drone 16
152.8 s: Drone 15 created
160.9 s: Extractor 1 created
167.8 s: Drone 16 created
177.1 s: creating Hatchery 2
180.5 s: Spawning_Pool 1 created
184.8 s: creating Queen 1
200.2 s: creating Spine_Crawler 1
207.9 s: creating Drone 15
215.6 s: creating Drone 16
224.9 s: Drone 15 created
231.0 s: creating Overlord 3
232.6 s: Drone 16 created
234.8 s: Queen 1 created
234.8: Hatchery injected
250.2 s: Spine_Crawler 1 created
256.0 s: Overlord 3 created
256.0 s: creating Queen 2
261.8 s: creating Lair 1
266.5 s: creating Drone 16
269.5 s: creating Drone 17
274.8: Hatchery Spawned
277.1 s: Hatchery 2 created
277.2 s: creating Drone 18
279.8: Hatchery injected
283.5 s: Drone 16 created
284.9 s: creating Drone 19
286.5 s: Drone 17 created
292.6 s: creating Drone 20
292.9 s: creating Drone 21
294.2 s: Drone 18 created
0.0 s: creating Drone 7
15.4 s: creating Drone 8
17.0 s: Drone 7 created
30.8 s: creating Drone 9
32.4 s: Drone 8 created
38.5 s: creating Drone 10
47.8 s: Drone 9 created
53.9 s: creating Overlord 2
55.5 s: Drone 10 created
69.3 s: creating Extractor 1
69.3 s: creating Drone 10
69.3 s: Extractor cancelled
78.9 s: Overlord 2 created
78.9 s: creating Drone 12
84.7 s: creating Drone 13
86.3 s: Drone 11 created
92.4 s: creating Drone 14
95.9 s: Drone 12 created
101.7 s: Drone 13 created
109.4 s: Drone 14 created
115.5 s: creating Spawning_Pool 1
123.2 s: creating Drone 14
123.2 s: creating Drone 15
135.8 s: creating Drone 16
140.2 s: Drone 14 created
140.2 s: creating Extractor 1
140.2 s: Drone 14 created
150.8 s: creating Drone 16
152.8 s: Drone 15 created
167.8 s: Drone 16 created
169.4 s: creating Hatchery 2
170.2 s: Extractor 1 created
180.5 s: Spawning_Pool 1 created
184.8 s: creating Queen 1
200.2 s: creating Spine_Crawler 1
203.2 s: creating Drone 15
207.9 s: creating Drone 16
220.2 s: Drone 15 created
223.3 s: creating Overlord 3
224.9 s: Drone 16 created
234.8 s: Queen 1 created
234.8: Hatchery injected
248.3 s: Overlord 3 created
248.3 s: creating Queen 2
250.2 s: Spine_Crawler 1 created
254.1 s: creating Lair 1
261.8 s: creating Drone 16
269.4 s: Hatchery 2 created
269.5 s: creating Drone 17
270.8 s: creating Drone 18
274.8: Hatchery Spawned
277.2 s: creating Drone 19
278.8 s: Drone 16 created
279.8: Hatchery injected
284.9 s: creating Drone 20
286.5 s: Drone 17 created
287.8 s: Drone 18 created
292.6 s: creating Drone 21
294.2 s: Drone 19 created
298.3 s: Queen 2 created
298.3: Hatchery injected
0.0 s: creating Drone 7
15.4 s: creating Drone 8
17.0 s: Drone 7 created
30.8 s: creating Drone 9
32.4 s: Drone 8 created
38.5 s: creating Drone 10
47.8 s: Drone 9 created
53.9 s: creating Overlord 2
55.5 s: Drone 10 created
69.3 s: creating Extractor 1
69.3 s: creating Drone 10
69.3 s: Extractor cancelled
78.9 s: Overlord 2 created
78.9 s: creating Drone 12
84.7 s: creating Drone 13
86.3 s: Drone 11 created
92.4 s: creating Drone 14
95.9 s: Drone 12 created
101.7 s: Drone 13 created
109.4 s: Drone 14 created
115.5 s: creating Spawning_Pool 1
123.2 s: creating Drone 14
123.2 s: creating Drone 15
135.8 s: creating Drone 16
140.2 s: Drone 14 created
140.2 s: Drone 15 created
150.8 s: creating Extractor 1
150.8 s: creating Drone 16
152.8 s: Drone 15 created
167.8 s: Drone 16 created
169.4 s: creating Hatchery 2
180.5 s: Spawning_Pool 1 created
180.8 s: Extractor 1 created
184.8 s: creating Queen 1
192.5 s: creating Spine_Crawler 1
200.2 s: creating Drone 15
207.9 s: creating Drone 16
217.2 s: Drone 15 created
223.3 s: creating Overlord 3
224.9 s: Drone 16 created
234.8 s: Queen 1 created
234.8: Hatchery injected
242.5 s: Spine_Crawler 1 created
248.3 s: Overlord 3 created
248.3 s: creating Queen 2
254.1 s: creating Lair 1
255.8 s: creating Drone 16
261.8 s: creating Drone 17
269.4 s: Hatchery 2 created
270.8 s: creating Drone 18
272.8 s: Drone 16 created
274.8: Hatchery Spawned
277.2 s: creating Drone 19
278.8 s: Drone 17 created
279.8: Hatchery injected
284.9 s: creating Drone 20
285.8 s: creating Drone 21
287.8 s: Drone 18 created
294.2 s: Drone 19 created
298.3 s: Queen 2 created
298.3: Hatchery injected
0.0 s: creating Drone 7
15.4 s: creating Drone 8
17.0 s: Drone 7 created
30.8 s: creating Drone 9
32.4 s: Drone 8 created
38.5 s: creating Drone 10
47.8 s: Drone 9 created
53.9 s: creating Overlord 2
55.5 s: Drone 10 created
69.3 s: creating Extractor 1
69.3 s: creating Drone 10
69.3 s: Extractor cancelled
78.9 s: Overlord 2 created
78.9 s: creating Drone 12
84.7 s: creating Drone 13
86.3 s: Drone 11 created
92.4 s: creating Drone 14
95.9 s: Drone 12 created
101.7 s: Drone 13 created
109.4 s: Drone 14 created
115.5 s: creating Spawning_Pool 1
123.2 s: creating Drone 14
123.2 s: creating Drone 15
135.8 s: creating Drone 16
140.2 s: Drone 14 created
140.2 s: Drone 15 created
150.8 s: creating Drone 17
152.8 s: Drone 16 created
161.7 s: creating Extractor 1
167.8 s: Drone 16 created
169.4 s: creating Hatchery 2
180.5 s: Spawning_Pool 1 created
180.5 s: creating Queen 1
191.7 s: Extractor 1 created
192.5 s: creating Spine_Crawler 1
200.2 s: creating Drone 15
207.9 s: creating Drone 16
215.6 s: creating Overlord 3
217.2 s: Drone 15 created
224.9 s: Drone 16 created
230.5 s: Queen 1 created
230.5: Hatchery injected
240.6 s: Overlord 3 created
240.6 s: creating Queen 2
242.5 s: Spine_Crawler 1 created
251.1 s: creating Lair 1
254.1 s: creating Drone 16
261.8 s: creating Drone 17
269.4 s: Hatchery 2 created
270.5: Hatchery Spawned
270.5 s: creating Drone 18
271.1 s: Drone 16 created
275.5: Hatchery injected
277.2 s: creating Drone 19
277.5 s: creating Drone 20
278.8 s: Drone 17 created
284.9 s: creating Drone 21
287.5 s: Drone 18 created
290.6 s: Queen 2 created
290.6: Hatchery injected
292.6 s: creating Overlord 4
294.2 s: Drone 19 created
294.5 s: Drone 20 created
0.0 s: creating Drone 7
15.4 s: creating Drone 8
17.0 s: Drone 7 created
30.8 s: creating Drone 9
32.4 s: Drone 8 created
38.5 s: creating Drone 10
47.8 s: Drone 9 created
53.9 s: creating Overlord 2
55.5 s: Drone 10 created
69.3 s: creating Extractor 1
69.3 s: creating Drone 10
69.3 s: Extractor cancelled
78.9 s: Overlord 2 created
78.9 s: creating Drone 12
84.7 s: creating Drone 13
86.3 s: Drone 11 created
92.4 s: creating Drone 14
95.9 s: Drone 12 created
101.7 s: Drone 13 created
109.4 s: Drone 14 created
115.5 s: creating Spawning_Pool 1
123.2 s: creating Drone 14
123.2 s: creating Drone 15
135.8 s: creating Drone 16
140.2 s: Drone 14 created
140.2 s: Drone 15 created
150.8 s: creating Drone 17
152.8 s: Drone 16 created
167.8 s: Drone 17 created
169.4 s: creating Hatchery 2
177.1 s: creating Extractor 1
180.5 s: Spawning_Pool 1 created
180.5 s: creating Queen 1
192.5 s: creating Spine_Crawler 1
195.8 s: creating Drone 15
200.2 s: creating Drone 16
207.1 s: Extractor 1 created
212.8 s: Drone 15 created
215.6 s: creating Overlord 3
217.2 s: Drone 16 created
230.5 s: Queen 1 created
230.5: Hatchery injected
240.6 s: Overlord 3 created
240.6 s: creating Queen 2
242.5 s: Spine_Crawler 1 created
266.5 s: creating Lair 1
269.4 s: Hatchery 2 created
269.4 s: creating Drone 16
269.5 s: creating Drone 17
270.5: Hatchery Spawned
270.5 s: creating Drone 18
270.8 s: creating Drone 19
273.1 s: creating Drone 20
275.5: Hatchery injected
277.2 s: creating Drone 21
286.4 s: Drone 16 created
286.5 s: Drone 17 created
287.5 s: Drone 18 created
287.8 s: Drone 19 created
290.1 s: Drone 20 created
290.6 s: Queen 2 created
290.6: Hatchery injected
292.6 s: creating Overlord 4
292.9 s: creating Drone 22
294.2 s: Drone 21 created
0.0 s: creating Drone 7
15.4 s: creating Drone 8
17.0 s: Drone 7 created
30.8 s: creating Drone 9
32.4 s: Drone 8 created
38.5 s: creating Drone 10
47.8 s: Drone 9 created
53.9 s: creating Overlord 2
55.5 s: Drone 10 created
69.3 s: creating Extractor 1
69.3 s: creating Drone 10
69.3 s: Extractor cancelled
78.9 s: Overlord 2 created
78.9 s: creating Drone 12
84.7 s: creating Drone 13
86.3 s: Drone 11 created
92.4 s: creating Drone 14
95.9 s: Drone 12 created
101.7 s: Drone 13 created
109.4 s: Drone 14 created
115.5 s: creating Spawning_Pool 1
123.2 s: creating Drone 14
123.2 s: creating Drone 15
135.8 s: creating Drone 16
140.2 s: Drone 14 created
140.2 s: Drone 15 created
150.8 s: creating Drone 17
152.8 s: Drone 16 created
167.8 s: Drone 17 created
169.4 s: creating Hatchery 2
180.5 s: Spawning_Pool 1 created
180.5 s: creating Extractor 1
180.5 s: creating Queen 1
192.5 s: creating Spine_Crawler 1
195.8 s: creating Drone 15
200.2 s: creating Drone 16
210.5 s: Extractor 1 created
210.8 s: creating Overlord 3
212.8 s: Drone 15 created
217.2 s: Drone 16 created
230.5 s: Queen 1 created
230.5: Hatchery injected
235.8 s: Overlord 3 created
235.8 s: creating Queen 2
242.5 s: Spine_Crawler 1 created
269.4 s: Hatchery 2 created
269.9 s: creating Lair 1
270.5: Hatchery Spawned
270.5 s: creating Drone 16
270.8 s: creating Drone 17
275.5: Hatchery injected
275.5 s: creating Drone 18
276.5 s: creating Drone 19
277.2 s: creating Drone 20
283.1 s: creating Drone 21
285.8 s: Queen 2 created
285.8: Hatchery injected
287.5 s: Drone 16 created
287.8 s: Drone 17 created
292.5 s: Drone 18 created
292.6 s: creating Overlord 4
293.5 s: Drone 19 created
293.5 s: creating Drone 22
294.2 s: Drone 20 created
300.1 s: Drone 21 created
